# Gemfileを作成
$ bundle init

＃ Gemfile編集
source 'https://rubygems.org'
gem 'rails',  '4.0.0'

# Rails4を bundle exec を省略するため--path=.bundle/gems --binstubs .bundle/binを指定してインストール
$ bundle install --binstubs .bundle/bin
$ rbenv rehash

.bundle/bin
# Railsプロジェクトの作成
$ rails new . --skip-test-unit --skip-bundle
$ bundle install --binstubs .bundle/bin --without production

$ bundle update
$ bundle install --binstubs .bundle/bin --without production

$ mate config/initializers/secret_token.rb

# Be sure to restart your server when you modify this file.

# Your secret key is used for verifying the integrity of signed cookies.
# If you change this key, all old signed cookies will become invalid!

# Make sure the secret is at least 30 characters and all random,
# no regular words or you'll be exposed to dictionary attacks.
# You can use `rake secret` to generate a secure secret key.

# Make sure your secret_key_base is kept private
# if you're sharing your code publicly.
require 'securerandom'

def secure_token
    token_file = Rails.root.join('.secret')
  if File.exist?(token_file)
    # Use the existing token.
    File.read(token_file).chomp
  else
    # Generate a new token and store it in token_file.
    token = SecureRandom.hex(64)
    File.write(token_file, token)
    token
  end
end

SampleAppRails4::Application.config.secret_key_base = secure_token

$ rails generate rspec:install
$ git init
$ git add .
$ git commit -m "Initial commit"